21-Jun-2018 14:06:20.176 INFO [main] org.apache.catalina.startup.VersionLoggerListener.log Server version:        Apache Tomcat/8.0.52
21-Jun-2018 14:06:20.186 INFO [main] org.apache.catalina.startup.VersionLoggerListener.log Server built:          Apr 28 2018 16:24:29 UTC
21-Jun-2018 14:06:20.186 INFO [main] org.apache.catalina.startup.VersionLoggerListener.log Server number:         8.0.52.0
21-Jun-2018 14:06:20.186 INFO [main] org.apache.catalina.startup.VersionLoggerListener.log OS Name:               Windows 7
21-Jun-2018 14:06:20.186 INFO [main] org.apache.catalina.startup.VersionLoggerListener.log OS Version:            6.1
21-Jun-2018 14:06:20.186 INFO [main] org.apache.catalina.startup.VersionLoggerListener.log Architecture:          amd64
21-Jun-2018 14:06:20.186 INFO [main] org.apache.catalina.startup.VersionLoggerListener.log Java Home:             C:\Program Files\Java\jdk1.8.0_172\jre
21-Jun-2018 14:06:20.186 INFO [main] org.apache.catalina.startup.VersionLoggerListener.log JVM Version:           1.8.0_172-b11
21-Jun-2018 14:06:20.186 INFO [main] org.apache.catalina.startup.VersionLoggerListener.log JVM Vendor:            Oracle Corporation
21-Jun-2018 14:06:20.186 INFO [main] org.apache.catalina.startup.VersionLoggerListener.log CATALINA_BASE:         C:\Users\Boss\Desktop\lab2\src\apache-tomcat-8.0.52
21-Jun-2018 14:06:20.186 INFO [main] org.apache.catalina.startup.VersionLoggerListener.log CATALINA_HOME:         C:\Users\Boss\Desktop\lab2\src\apache-tomcat-8.0.52
21-Jun-2018 14:06:20.196 INFO [main] org.apache.catalina.startup.VersionLoggerListener.log Command line argument: -Djava.util.logging.config.file=C:\Users\Boss\Desktop\lab2\src\apache-tomcat-8.0.52/conf/logging.properties
21-Jun-2018 14:06:20.196 INFO [main] org.apache.catalina.startup.VersionLoggerListener.log Command line argument: -Djava.util.logging.manager=org.apache.juli.ClassLoaderLogManager
21-Jun-2018 14:06:20.196 INFO [main] org.apache.catalina.startup.VersionLoggerListener.log Command line argument: -Djdk.tls.ephemeralDHKeySize=2048
21-Jun-2018 14:06:20.196 INFO [main] org.apache.catalina.startup.VersionLoggerListener.log Command line argument: -Djava.protocol.handler.pkgs=org.apache.catalina.webresources
21-Jun-2018 14:06:20.196 INFO [main] org.apache.catalina.startup.VersionLoggerListener.log Command line argument: -Dignore.endorsed.dirs=
21-Jun-2018 14:06:20.196 INFO [main] org.apache.catalina.startup.VersionLoggerListener.log Command line argument: -Dcatalina.base=C:\Users\Boss\Desktop\lab2\src\apache-tomcat-8.0.52
21-Jun-2018 14:06:20.196 INFO [main] org.apache.catalina.startup.VersionLoggerListener.log Command line argument: -Dcatalina.home=C:\Users\Boss\Desktop\lab2\src\apache-tomcat-8.0.52
21-Jun-2018 14:06:20.196 INFO [main] org.apache.catalina.startup.VersionLoggerListener.log Command line argument: -Djava.io.tmpdir=C:\Users\Boss\Desktop\lab2\src\apache-tomcat-8.0.52\temp
21-Jun-2018 14:06:20.196 INFO [main] org.apache.catalina.core.AprLifecycleListener.lifecycleEvent Loaded APR based Apache Tomcat Native library 1.2.16 using APR version 1.6.3.
21-Jun-2018 14:06:20.196 INFO [main] org.apache.catalina.core.AprLifecycleListener.lifecycleEvent APR capabilities: IPv6 [true], sendfile [true], accept filters [false], random [true].
21-Jun-2018 14:06:21.405 INFO [main] org.apache.catalina.core.AprLifecycleListener.initializeSSL OpenSSL successfully initialized (OpenSSL 1.0.2m  2 Nov 2017)
21-Jun-2018 14:06:22.792 INFO [main] org.apache.coyote.AbstractProtocol.init Initializing ProtocolHandler ["http-apr-8080"]
21-Jun-2018 14:06:22.842 INFO [main] org.apache.coyote.AbstractProtocol.init Initializing ProtocolHandler ["ajp-apr-8009"]
21-Jun-2018 14:06:22.842 INFO [main] org.apache.catalina.startup.Catalina.load Initialization processed in 4676 ms
21-Jun-2018 14:06:22.972 INFO [main] org.apache.catalina.core.StandardService.startInternal Starting service Catalina
21-Jun-2018 14:06:22.972 INFO [main] org.apache.catalina.core.StandardEngine.startInternal Starting Servlet Engine: Apache Tomcat/8.0.52
21-Jun-2018 14:06:23.022 INFO [localhost-startStop-1] org.apache.catalina.startup.HostConfig.deployDirectory Deploying web application directory C:\Users\Boss\Desktop\lab2\src\apache-tomcat-8.0.52\webapps\docs
21-Jun-2018 14:06:25.848 WARNING [localhost-startStop-1] org.apache.catalina.util.SessionIdGeneratorBase.createSecureRandom Creation of SecureRandom instance for session ID generation using [SHA1PRNG] took [1,099] milliseconds.
21-Jun-2018 14:06:25.966 INFO [localhost-startStop-1] org.apache.catalina.startup.HostConfig.deployDirectory Deployment of web application directory C:\Users\Boss\Desktop\lab2\src\apache-tomcat-8.0.52\webapps\docs has finished in 2,944 ms
21-Jun-2018 14:06:25.966 INFO [localhost-startStop-1] org.apache.catalina.startup.HostConfig.deployDirectory Deploying web application directory C:\Users\Boss\Desktop\lab2\src\apache-tomcat-8.0.52\webapps\examples
21-Jun-2018 14:06:27.507 INFO [localhost-startStop-1] org.apache.catalina.startup.HostConfig.deployDirectory Deployment of web application directory C:\Users\Boss\Desktop\lab2\src\apache-tomcat-8.0.52\webapps\examples has finished in 1,541 ms
21-Jun-2018 14:06:27.507 INFO [localhost-startStop-1] org.apache.catalina.startup.HostConfig.deployDirectory Deploying web application directory C:\Users\Boss\Desktop\lab2\src\apache-tomcat-8.0.52\webapps\host-manager
21-Jun-2018 14:06:27.678 INFO [localhost-startStop-1] org.apache.catalina.startup.HostConfig.deployDirectory Deployment of web application directory C:\Users\Boss\Desktop\lab2\src\apache-tomcat-8.0.52\webapps\host-manager has finished in 171 ms
21-Jun-2018 14:06:27.678 INFO [localhost-startStop-1] org.apache.catalina.startup.HostConfig.deployDirectory Deploying web application directory C:\Users\Boss\Desktop\lab2\src\apache-tomcat-8.0.52\webapps\manager
21-Jun-2018 14:06:27.749 INFO [localhost-startStop-1] org.apache.catalina.startup.HostConfig.deployDirectory Deployment of web application directory C:\Users\Boss\Desktop\lab2\src\apache-tomcat-8.0.52\webapps\manager has finished in 71 ms
21-Jun-2018 14:06:27.750 INFO [localhost-startStop-1] org.apache.catalina.startup.HostConfig.deployDirectory Deploying web application directory C:\Users\Boss\Desktop\lab2\src\apache-tomcat-8.0.52\webapps\ROOT
21-Jun-2018 14:06:27.810 INFO [localhost-startStop-1] org.apache.catalina.startup.HostConfig.deployDirectory Deployment of web application directory C:\Users\Boss\Desktop\lab2\src\apache-tomcat-8.0.52\webapps\ROOT has finished in 60 ms
21-Jun-2018 14:06:27.820 INFO [main] org.apache.coyote.AbstractProtocol.start Starting ProtocolHandler ["http-apr-8080"]
21-Jun-2018 14:06:27.939 INFO [main] org.apache.coyote.AbstractProtocol.start Starting ProtocolHandler ["ajp-apr-8009"]
21-Jun-2018 14:06:28.019 INFO [main] org.apache.catalina.startup.Catalina.start Server startup in 5170 ms
21-Jun-2018 14:09:10.688 INFO [main] org.apache.catalina.core.StandardServer.await A valid shutdown command was received via the shutdown port. Stopping the Server instance.
21-Jun-2018 14:09:10.689 INFO [main] org.apache.coyote.AbstractProtocol.pause Pausing ProtocolHandler ["http-apr-8080"]
21-Jun-2018 14:09:10.754 INFO [main] org.apache.coyote.AbstractProtocol.pause Pausing ProtocolHandler ["ajp-apr-8009"]
21-Jun-2018 14:09:10.806 INFO [main] org.apache.catalina.core.StandardService.stopInternal Stopping service Catalina
21-Jun-2018 14:09:10.941 INFO [main] org.apache.coyote.AbstractProtocol.stop Stopping ProtocolHandler ["http-apr-8080"]
21-Jun-2018 14:09:11.001 INFO [main] org.apache.coyote.AbstractProtocol.stop Stopping ProtocolHandler ["ajp-apr-8009"]
21-Jun-2018 14:09:11.059 INFO [main] org.apache.coyote.AbstractProtocol.destroy Destroying ProtocolHandler ["http-apr-8080"]
21-Jun-2018 14:09:11.061 INFO [main] org.apache.coyote.AbstractProtocol.destroy Destroying ProtocolHandler ["ajp-apr-8009"]
