21-Jun-2018 14:06:20.176 INFO [main] org.apache.catalina.startup.VersionLoggerListener.log Server version:        Apache Tomcat/8.0.52
21-Jun-2018 14:06:20.186 INFO [main] org.apache.catalina.startup.VersionLoggerListener.log Server built:          Apr 28 2018 16:24:29 UTC
21-Jun-2018 14:06:20.186 INFO [main] org.apache.catalina.startup.VersionLoggerListener.log Server number:         8.0.52.0
21-Jun-2018 14:06:20.186 INFO [main] org.apache.catalina.startup.VersionLoggerListener.log OS Name:               Windows 7
21-Jun-2018 14:06:20.186 INFO [main] org.apache.catalina.startup.VersionLoggerListener.log OS Version:            6.1
21-Jun-2018 14:06:20.186 INFO [main] org.apache.catalina.startup.VersionLoggerListener.log Architecture:          amd64
21-Jun-2018 14:06:20.186 INFO [main] org.apache.catalina.startup.VersionLoggerListener.log Java Home:             C:\Program Files\Java\jdk1.8.0_172\jre
21-Jun-2018 14:06:20.186 INFO [main] org.apache.catalina.startup.VersionLoggerListener.log JVM Version:           1.8.0_172-b11
21-Jun-2018 14:06:20.186 INFO [main] org.apache.catalina.startup.VersionLoggerListener.log JVM Vendor:            Oracle Corporation
21-Jun-2018 14:06:20.186 INFO [main] org.apache.catalina.startup.VersionLoggerListener.log CATALINA_BASE:         C:\Users\Boss\Desktop\lab2\src\apache-tomcat-8.0.52
21-Jun-2018 14:06:20.186 INFO [main] org.apache.catalina.startup.VersionLoggerListener.log CATALINA_HOME:         C:\Users\Boss\Desktop\lab2\src\apache-tomcat-8.0.52
21-Jun-2018 14:06:20.196 INFO [main] org.apache.catalina.startup.VersionLoggerListener.log Command line argument: -Djava.util.logging.config.file=C:\Users\Boss\Desktop\lab2\src\apache-tomcat-8.0.52/conf/logging.properties
21-Jun-2018 14:06:20.196 INFO [main] org.apache.catalina.startup.VersionLoggerListener.log Command line argument: -Djava.util.logging.manager=org.apache.juli.ClassLoaderLogManager
21-Jun-2018 14:06:20.196 INFO [main] org.apache.catalina.startup.VersionLoggerListener.log Command line argument: -Djdk.tls.ephemeralDHKeySize=2048
21-Jun-2018 14:06:20.196 INFO [main] org.apache.catalina.startup.VersionLoggerListener.log Command line argument: -Djava.protocol.handler.pkgs=org.apache.catalina.webresources
21-Jun-2018 14:06:20.196 INFO [main] org.apache.catalina.startup.VersionLoggerListener.log Command line argument: -Dignore.endorsed.dirs=
21-Jun-2018 14:06:20.196 INFO [main] org.apache.catalina.startup.VersionLoggerListener.log Command line argument: -Dcatalina.base=C:\Users\Boss\Desktop\lab2\src\apache-tomcat-8.0.52
21-Jun-2018 14:06:20.196 INFO [main] org.apache.catalina.startup.VersionLoggerListener.log Command line argument: -Dcatalina.home=C:\Users\Boss\Desktop\lab2\src\apache-tomcat-8.0.52
21-Jun-2018 14:06:20.196 INFO [main] org.apache.catalina.startup.VersionLoggerListener.log Command line argument: -Djava.io.tmpdir=C:\Users\Boss\Desktop\lab2\src\apache-tomcat-8.0.52\temp
21-Jun-2018 14:06:20.196 INFO [main] org.apache.catalina.core.AprLifecycleListener.lifecycleEvent Loaded APR based Apache Tomcat Native library 1.2.16 using APR version 1.6.3.
21-Jun-2018 14:06:20.196 INFO [main] org.apache.catalina.core.AprLifecycleListener.lifecycleEvent APR capabilities: IPv6 [true], sendfile [true], accept filters [false], random [true].
21-Jun-2018 14:06:21.405 INFO [main] org.apache.catalina.core.AprLifecycleListener.initializeSSL OpenSSL successfully initialized (OpenSSL 1.0.2m  2 Nov 2017)
21-Jun-2018 14:06:22.792 INFO [main] org.apache.coyote.AbstractProtocol.init Initializing ProtocolHandler ["http-apr-8080"]
21-Jun-2018 14:06:22.842 INFO [main] org.apache.coyote.AbstractProtocol.init Initializing ProtocolHandler ["ajp-apr-8009"]
21-Jun-2018 14:06:22.842 INFO [main] org.apache.catalina.startup.Catalina.load Initialization processed in 4676 ms
21-Jun-2018 14:06:22.972 INFO [main] org.apache.catalina.core.StandardService.startInternal Starting service Catalina
21-Jun-2018 14:06:22.972 INFO [main] org.apache.catalina.core.StandardEngine.startInternal Starting Servlet Engine: Apache Tomcat/8.0.52
21-Jun-2018 14:06:23.022 INFO [localhost-startStop-1] org.apache.catalina.startup.HostConfig.deployDirectory Deploying web application directory C:\Users\Boss\Desktop\lab2\src\apache-tomcat-8.0.52\webapps\docs
21-Jun-2018 14:06:25.848 WARNING [localhost-startStop-1] org.apache.catalina.util.SessionIdGeneratorBase.createSecureRandom Creation of SecureRandom instance for session ID generation using [SHA1PRNG] took [1,099] milliseconds.
21-Jun-2018 14:06:25.966 INFO [localhost-startStop-1] org.apache.catalina.startup.HostConfig.deployDirectory Deployment of web application directory C:\Users\Boss\Desktop\lab2\src\apache-tomcat-8.0.52\webapps\docs has finished in 2,944 ms
21-Jun-2018 14:06:25.966 INFO [localhost-startStop-1] org.apache.catalina.startup.HostConfig.deployDirectory Deploying web application directory C:\Users\Boss\Desktop\lab2\src\apache-tomcat-8.0.52\webapps\examples
21-Jun-2018 14:06:27.507 INFO [localhost-startStop-1] org.apache.catalina.startup.HostConfig.deployDirectory Deployment of web application directory C:\Users\Boss\Desktop\lab2\src\apache-tomcat-8.0.52\webapps\examples has finished in 1,541 ms
21-Jun-2018 14:06:27.507 INFO [localhost-startStop-1] org.apache.catalina.startup.HostConfig.deployDirectory Deploying web application directory C:\Users\Boss\Desktop\lab2\src\apache-tomcat-8.0.52\webapps\host-manager
21-Jun-2018 14:06:27.678 INFO [localhost-startStop-1] org.apache.catalina.startup.HostConfig.deployDirectory Deployment of web application directory C:\Users\Boss\Desktop\lab2\src\apache-tomcat-8.0.52\webapps\host-manager has finished in 171 ms
21-Jun-2018 14:06:27.678 INFO [localhost-startStop-1] org.apache.catalina.startup.HostConfig.deployDirectory Deploying web application directory C:\Users\Boss\Desktop\lab2\src\apache-tomcat-8.0.52\webapps\manager
21-Jun-2018 14:06:27.749 INFO [localhost-startStop-1] org.apache.catalina.startup.HostConfig.deployDirectory Deployment of web application directory C:\Users\Boss\Desktop\lab2\src\apache-tomcat-8.0.52\webapps\manager has finished in 71 ms
21-Jun-2018 14:06:27.750 INFO [localhost-startStop-1] org.apache.catalina.startup.HostConfig.deployDirectory Deploying web application directory C:\Users\Boss\Desktop\lab2\src\apache-tomcat-8.0.52\webapps\ROOT
21-Jun-2018 14:06:27.810 INFO [localhost-startStop-1] org.apache.catalina.startup.HostConfig.deployDirectory Deployment of web application directory C:\Users\Boss\Desktop\lab2\src\apache-tomcat-8.0.52\webapps\ROOT has finished in 60 ms
21-Jun-2018 14:06:27.820 INFO [main] org.apache.coyote.AbstractProtocol.start Starting ProtocolHandler ["http-apr-8080"]
21-Jun-2018 14:06:27.939 INFO [main] org.apache.coyote.AbstractProtocol.start Starting ProtocolHandler ["ajp-apr-8009"]
21-Jun-2018 14:06:28.019 INFO [main] org.apache.catalina.startup.Catalina.start Server startup in 5170 ms
21-Jun-2018 14:09:10.688 INFO [main] org.apache.catalina.core.StandardServer.await A valid shutdown command was received via the shutdown port. Stopping the Server instance.
21-Jun-2018 14:09:10.689 INFO [main] org.apache.coyote.AbstractProtocol.pause Pausing ProtocolHandler ["http-apr-8080"]
21-Jun-2018 14:09:10.754 INFO [main] org.apache.coyote.AbstractProtocol.pause Pausing ProtocolHandler ["ajp-apr-8009"]
21-Jun-2018 14:09:10.806 INFO [main] org.apache.catalina.core.StandardService.stopInternal Stopping service Catalina
21-Jun-2018 14:09:10.941 INFO [main] org.apache.coyote.AbstractProtocol.stop Stopping ProtocolHandler ["http-apr-8080"]
21-Jun-2018 14:09:11.001 INFO [main] org.apache.coyote.AbstractProtocol.stop Stopping ProtocolHandler ["ajp-apr-8009"]
21-Jun-2018 14:09:11.059 INFO [main] org.apache.coyote.AbstractProtocol.destroy Destroying ProtocolHandler ["http-apr-8080"]
21-Jun-2018 14:09:11.061 INFO [main] org.apache.coyote.AbstractProtocol.destroy Destroying ProtocolHandler ["ajp-apr-8009"]
21-Jun-2018 14:16:56.984 SEVERE [main] org.apache.catalina.startup.Catalina.stopServer Could not contact localhost:8005. Tomcat may not be running.
21-Jun-2018 14:16:56.993 SEVERE [main] org.apache.catalina.startup.Catalina.stopServer Catalina.stop: 
 java.net.ConnectException: Connection refused: connect
	at java.net.DualStackPlainSocketImpl.connect0(Native Method)
	at java.net.DualStackPlainSocketImpl.socketConnect(DualStackPlainSocketImpl.java:79)
	at java.net.AbstractPlainSocketImpl.doConnect(AbstractPlainSocketImpl.java:350)
	at java.net.AbstractPlainSocketImpl.connectToAddress(AbstractPlainSocketImpl.java:206)
	at java.net.AbstractPlainSocketImpl.connect(AbstractPlainSocketImpl.java:188)
	at java.net.PlainSocketImpl.connect(PlainSocketImpl.java:172)
	at java.net.SocksSocketImpl.connect(SocksSocketImpl.java:392)
	at java.net.Socket.connect(Socket.java:589)
	at java.net.Socket.connect(Socket.java:538)
	at java.net.Socket.<init>(Socket.java:434)
	at java.net.Socket.<init>(Socket.java:211)
	at org.apache.catalina.startup.Catalina.stopServer(Catalina.java:457)
	at sun.reflect.NativeMethodAccessorImpl.invoke0(Native Method)
	at sun.reflect.NativeMethodAccessorImpl.invoke(NativeMethodAccessorImpl.java:62)
	at sun.reflect.DelegatingMethodAccessorImpl.invoke(DelegatingMethodAccessorImpl.java:43)
	at java.lang.reflect.Method.invoke(Method.java:498)
	at org.apache.catalina.startup.Bootstrap.stopServer(Bootstrap.java:398)
	at org.apache.catalina.startup.Bootstrap.main(Bootstrap.java:485)

21-Jun-2018 14:21:52.032 INFO [main] org.apache.catalina.startup.VersionLoggerListener.log Server version:        Apache Tomcat/8.0.52
21-Jun-2018 14:21:52.042 INFO [main] org.apache.catalina.startup.VersionLoggerListener.log Server built:          Apr 28 2018 16:24:29 UTC
21-Jun-2018 14:21:52.042 INFO [main] org.apache.catalina.startup.VersionLoggerListener.log Server number:         8.0.52.0
21-Jun-2018 14:21:52.042 INFO [main] org.apache.catalina.startup.VersionLoggerListener.log OS Name:               Windows 7
21-Jun-2018 14:21:52.042 INFO [main] org.apache.catalina.startup.VersionLoggerListener.log OS Version:            6.1
21-Jun-2018 14:21:52.042 INFO [main] org.apache.catalina.startup.VersionLoggerListener.log Architecture:          amd64
21-Jun-2018 14:21:52.042 INFO [main] org.apache.catalina.startup.VersionLoggerListener.log Java Home:             C:\Program Files\Java\jdk1.8.0_172\jre
21-Jun-2018 14:21:52.042 INFO [main] org.apache.catalina.startup.VersionLoggerListener.log JVM Version:           1.8.0_172-b11
21-Jun-2018 14:21:52.042 INFO [main] org.apache.catalina.startup.VersionLoggerListener.log JVM Vendor:            Oracle Corporation
21-Jun-2018 14:21:52.042 INFO [main] org.apache.catalina.startup.VersionLoggerListener.log CATALINA_BASE:         C:\Users\Boss\Desktop\lab2\src\apache-tomcat-8.0.52
21-Jun-2018 14:21:52.042 INFO [main] org.apache.catalina.startup.VersionLoggerListener.log CATALINA_HOME:         C:\Users\Boss\Desktop\lab2\src\apache-tomcat-8.0.52
21-Jun-2018 14:21:52.042 INFO [main] org.apache.catalina.startup.VersionLoggerListener.log Command line argument: -Djava.util.logging.config.file=C:\Users\Boss\Desktop\lab2\src\apache-tomcat-8.0.52\conf\logging.properties
21-Jun-2018 14:21:52.052 INFO [main] org.apache.catalina.startup.VersionLoggerListener.log Command line argument: -Djava.util.logging.manager=org.apache.juli.ClassLoaderLogManager
21-Jun-2018 14:21:52.052 INFO [main] org.apache.catalina.startup.VersionLoggerListener.log Command line argument: -Djdk.tls.ephemeralDHKeySize=2048
21-Jun-2018 14:21:52.052 INFO [main] org.apache.catalina.startup.VersionLoggerListener.log Command line argument: -Djava.protocol.handler.pkgs=org.apache.catalina.webresources
21-Jun-2018 14:21:52.052 INFO [main] org.apache.catalina.startup.VersionLoggerListener.log Command line argument: -Dignore.endorsed.dirs=
21-Jun-2018 14:21:52.052 INFO [main] org.apache.catalina.startup.VersionLoggerListener.log Command line argument: -Dcatalina.base=C:\Users\Boss\Desktop\lab2\src\apache-tomcat-8.0.52
21-Jun-2018 14:21:52.052 INFO [main] org.apache.catalina.startup.VersionLoggerListener.log Command line argument: -Dcatalina.home=C:\Users\Boss\Desktop\lab2\src\apache-tomcat-8.0.52
21-Jun-2018 14:21:52.052 INFO [main] org.apache.catalina.startup.VersionLoggerListener.log Command line argument: -Djava.io.tmpdir=C:\Users\Boss\Desktop\lab2\src\apache-tomcat-8.0.52\temp
21-Jun-2018 14:21:52.052 INFO [main] org.apache.catalina.core.AprLifecycleListener.lifecycleEvent Loaded APR based Apache Tomcat Native library 1.2.16 using APR version 1.6.3.
21-Jun-2018 14:21:52.052 INFO [main] org.apache.catalina.core.AprLifecycleListener.lifecycleEvent APR capabilities: IPv6 [true], sendfile [true], accept filters [false], random [true].
21-Jun-2018 14:21:53.195 INFO [main] org.apache.catalina.core.AprLifecycleListener.initializeSSL OpenSSL successfully initialized (OpenSSL 1.0.2m  2 Nov 2017)
21-Jun-2018 14:21:53.919 INFO [main] org.apache.coyote.AbstractProtocol.init Initializing ProtocolHandler ["http-apr-8080"]
21-Jun-2018 14:21:53.969 INFO [main] org.apache.coyote.AbstractProtocol.init Initializing ProtocolHandler ["ajp-apr-8009"]
21-Jun-2018 14:21:53.979 INFO [main] org.apache.catalina.startup.Catalina.load Initialization processed in 3261 ms
21-Jun-2018 14:21:54.079 INFO [main] org.apache.catalina.core.StandardService.startInternal Starting service Catalina
21-Jun-2018 14:21:54.079 INFO [main] org.apache.catalina.core.StandardEngine.startInternal Starting Servlet Engine: Apache Tomcat/8.0.52
21-Jun-2018 14:21:54.119 INFO [localhost-startStop-1] org.apache.catalina.startup.HostConfig.deployDirectory Deploying web application directory C:\Users\Boss\Desktop\lab2\src\apache-tomcat-8.0.52\webapps\docs
21-Jun-2018 14:21:56.443 WARNING [localhost-startStop-1] org.apache.catalina.util.SessionIdGeneratorBase.createSecureRandom Creation of SecureRandom instance for session ID generation using [SHA1PRNG] took [1,102] milliseconds.
21-Jun-2018 14:21:56.513 INFO [localhost-startStop-1] org.apache.catalina.startup.HostConfig.deployDirectory Deployment of web application directory C:\Users\Boss\Desktop\lab2\src\apache-tomcat-8.0.52\webapps\docs has finished in 2,394 ms
21-Jun-2018 14:21:56.523 INFO [localhost-startStop-1] org.apache.catalina.startup.HostConfig.deployDirectory Deploying web application directory C:\Users\Boss\Desktop\lab2\src\apache-tomcat-8.0.52\webapps\examples
21-Jun-2018 14:21:57.817 INFO [localhost-startStop-1] org.apache.catalina.startup.HostConfig.deployDirectory Deployment of web application directory C:\Users\Boss\Desktop\lab2\src\apache-tomcat-8.0.52\webapps\examples has finished in 1,294 ms
21-Jun-2018 14:21:57.817 INFO [localhost-startStop-1] org.apache.catalina.startup.HostConfig.deployDirectory Deploying web application directory C:\Users\Boss\Desktop\lab2\src\apache-tomcat-8.0.52\webapps\host-manager
21-Jun-2018 14:21:57.939 INFO [localhost-startStop-1] org.apache.catalina.startup.HostConfig.deployDirectory Deployment of web application directory C:\Users\Boss\Desktop\lab2\src\apache-tomcat-8.0.52\webapps\host-manager has finished in 122 ms
21-Jun-2018 14:21:57.939 INFO [localhost-startStop-1] org.apache.catalina.startup.HostConfig.deployDirectory Deploying web application directory C:\Users\Boss\Desktop\lab2\src\apache-tomcat-8.0.52\webapps\manager
21-Jun-2018 14:21:58.196 INFO [localhost-startStop-1] org.apache.catalina.startup.HostConfig.deployDirectory Deployment of web application directory C:\Users\Boss\Desktop\lab2\src\apache-tomcat-8.0.52\webapps\manager has finished in 257 ms
21-Jun-2018 14:21:58.201 INFO [localhost-startStop-1] org.apache.catalina.startup.HostConfig.deployDirectory Deploying web application directory C:\Users\Boss\Desktop\lab2\src\apache-tomcat-8.0.52\webapps\ROOT
21-Jun-2018 14:21:58.252 INFO [localhost-startStop-1] org.apache.catalina.startup.HostConfig.deployDirectory Deployment of web application directory C:\Users\Boss\Desktop\lab2\src\apache-tomcat-8.0.52\webapps\ROOT has finished in 52 ms
21-Jun-2018 14:21:58.275 INFO [main] org.apache.coyote.AbstractProtocol.start Starting ProtocolHandler ["http-apr-8080"]
21-Jun-2018 14:21:58.363 INFO [main] org.apache.coyote.AbstractProtocol.start Starting ProtocolHandler ["ajp-apr-8009"]
21-Jun-2018 14:21:58.453 INFO [main] org.apache.catalina.startup.Catalina.start Server startup in 4465 ms
21-Jun-2018 14:23:13.474 WARNING [main] org.apache.catalina.core.StandardServer.await StandardServer.await: read: 
 java.net.SocketTimeoutException: Read timed out
	at java.net.SocketInputStream.socketRead0(Native Method)
	at java.net.SocketInputStream.socketRead(SocketInputStream.java:116)
	at java.net.SocketInputStream.read(SocketInputStream.java:171)
	at java.net.SocketInputStream.read(SocketInputStream.java:141)
	at java.net.SocketInputStream.read(SocketInputStream.java:224)
	at org.apache.catalina.core.StandardServer.await(StandardServer.java:496)
	at org.apache.catalina.startup.Catalina.await(Catalina.java:729)
	at org.apache.catalina.startup.Catalina.start(Catalina.java:675)
	at sun.reflect.NativeMethodAccessorImpl.invoke0(Native Method)
	at sun.reflect.NativeMethodAccessorImpl.invoke(NativeMethodAccessorImpl.java:62)
	at sun.reflect.DelegatingMethodAccessorImpl.invoke(DelegatingMethodAccessorImpl.java:43)
	at java.lang.reflect.Method.invoke(Method.java:498)
	at org.apache.catalina.startup.Bootstrap.start(Bootstrap.java:349)
	at org.apache.catalina.startup.Bootstrap.main(Bootstrap.java:483)

21-Jun-2018 14:23:13.474 INFO [main] org.apache.catalina.core.StandardServer.await A valid shutdown command was received via the shutdown port. Stopping the Server instance.
21-Jun-2018 14:23:13.484 INFO [main] org.apache.coyote.AbstractProtocol.pause Pausing ProtocolHandler ["http-apr-8080"]
21-Jun-2018 14:23:13.544 INFO [main] org.apache.coyote.AbstractProtocol.pause Pausing ProtocolHandler ["ajp-apr-8009"]
21-Jun-2018 14:23:13.594 INFO [main] org.apache.catalina.core.StandardService.stopInternal Stopping service Catalina
21-Jun-2018 14:23:13.725 INFO [main] org.apache.coyote.AbstractProtocol.stop Stopping ProtocolHandler ["http-apr-8080"]
21-Jun-2018 14:23:13.876 INFO [main] org.apache.coyote.AbstractProtocol.stop Stopping ProtocolHandler ["ajp-apr-8009"]
21-Jun-2018 14:23:13.935 INFO [main] org.apache.coyote.AbstractProtocol.destroy Destroying ProtocolHandler ["http-apr-8080"]
21-Jun-2018 14:23:13.937 INFO [main] org.apache.coyote.AbstractProtocol.destroy Destroying ProtocolHandler ["ajp-apr-8009"]
21-Jun-2018 14:23:36.514 INFO [main] org.apache.catalina.startup.VersionLoggerListener.log Server version:        Apache Tomcat/8.0.52
21-Jun-2018 14:23:36.526 INFO [main] org.apache.catalina.startup.VersionLoggerListener.log Server built:          Apr 28 2018 16:24:29 UTC
21-Jun-2018 14:23:36.527 INFO [main] org.apache.catalina.startup.VersionLoggerListener.log Server number:         8.0.52.0
21-Jun-2018 14:23:36.528 INFO [main] org.apache.catalina.startup.VersionLoggerListener.log OS Name:               Windows 7
21-Jun-2018 14:23:36.529 INFO [main] org.apache.catalina.startup.VersionLoggerListener.log OS Version:            6.1
21-Jun-2018 14:23:36.529 INFO [main] org.apache.catalina.startup.VersionLoggerListener.log Architecture:          amd64
21-Jun-2018 14:23:36.531 INFO [main] org.apache.catalina.startup.VersionLoggerListener.log Java Home:             C:\Program Files\Java\jdk1.8.0_172\jre
21-Jun-2018 14:23:36.532 INFO [main] org.apache.catalina.startup.VersionLoggerListener.log JVM Version:           1.8.0_172-b11
21-Jun-2018 14:23:36.532 INFO [main] org.apache.catalina.startup.VersionLoggerListener.log JVM Vendor:            Oracle Corporation
21-Jun-2018 14:23:36.533 INFO [main] org.apache.catalina.startup.VersionLoggerListener.log CATALINA_BASE:         C:\Users\Boss\Desktop\lab2\src\apache-tomcat-8.0.52
21-Jun-2018 14:23:36.533 INFO [main] org.apache.catalina.startup.VersionLoggerListener.log CATALINA_HOME:         C:\Users\Boss\Desktop\lab2\src\apache-tomcat-8.0.52
21-Jun-2018 14:23:36.537 INFO [main] org.apache.catalina.startup.VersionLoggerListener.log Command line argument: -Djava.util.logging.config.file=C:\Users\Boss\Desktop\lab2\src\apache-tomcat-8.0.52\conf\logging.properties
21-Jun-2018 14:23:36.539 INFO [main] org.apache.catalina.startup.VersionLoggerListener.log Command line argument: -Djava.util.logging.manager=org.apache.juli.ClassLoaderLogManager
21-Jun-2018 14:23:36.540 INFO [main] org.apache.catalina.startup.VersionLoggerListener.log Command line argument: -Djdk.tls.ephemeralDHKeySize=2048
21-Jun-2018 14:23:36.542 INFO [main] org.apache.catalina.startup.VersionLoggerListener.log Command line argument: -Djava.protocol.handler.pkgs=org.apache.catalina.webresources
21-Jun-2018 14:23:36.544 INFO [main] org.apache.catalina.startup.VersionLoggerListener.log Command line argument: -Dignore.endorsed.dirs=
21-Jun-2018 14:23:36.545 INFO [main] org.apache.catalina.startup.VersionLoggerListener.log Command line argument: -Dcatalina.base=C:\Users\Boss\Desktop\lab2\src\apache-tomcat-8.0.52
21-Jun-2018 14:23:36.546 INFO [main] org.apache.catalina.startup.VersionLoggerListener.log Command line argument: -Dcatalina.home=C:\Users\Boss\Desktop\lab2\src\apache-tomcat-8.0.52
21-Jun-2018 14:23:36.547 INFO [main] org.apache.catalina.startup.VersionLoggerListener.log Command line argument: -Djava.io.tmpdir=C:\Users\Boss\Desktop\lab2\src\apache-tomcat-8.0.52\temp
21-Jun-2018 14:23:36.553 INFO [main] org.apache.catalina.core.AprLifecycleListener.lifecycleEvent Loaded APR based Apache Tomcat Native library 1.2.16 using APR version 1.6.3.
21-Jun-2018 14:23:36.555 INFO [main] org.apache.catalina.core.AprLifecycleListener.lifecycleEvent APR capabilities: IPv6 [true], sendfile [true], accept filters [false], random [true].
21-Jun-2018 14:23:37.680 INFO [main] org.apache.catalina.core.AprLifecycleListener.initializeSSL OpenSSL successfully initialized (OpenSSL 1.0.2m  2 Nov 2017)
21-Jun-2018 14:23:38.146 INFO [main] org.apache.coyote.AbstractProtocol.init Initializing ProtocolHandler ["http-apr-8080"]
21-Jun-2018 14:23:38.186 INFO [main] org.apache.coyote.AbstractProtocol.init Initializing ProtocolHandler ["ajp-apr-8009"]
21-Jun-2018 14:23:38.192 INFO [main] org.apache.catalina.startup.Catalina.load Initialization processed in 3165 ms
21-Jun-2018 14:23:38.272 INFO [main] org.apache.catalina.core.StandardService.startInternal Starting service Catalina
21-Jun-2018 14:23:38.275 INFO [main] org.apache.catalina.core.StandardEngine.startInternal Starting Servlet Engine: Apache Tomcat/8.0.52
21-Jun-2018 14:23:38.304 INFO [localhost-startStop-1] org.apache.catalina.startup.HostConfig.deployDirectory Deploying web application directory C:\Users\Boss\Desktop\lab2\src\apache-tomcat-8.0.52\webapps\docs
21-Jun-2018 14:23:39.763 WARNING [localhost-startStop-1] org.apache.catalina.util.SessionIdGeneratorBase.createSecureRandom Creation of SecureRandom instance for session ID generation using [SHA1PRNG] took [658] milliseconds.
21-Jun-2018 14:23:39.813 INFO [localhost-startStop-1] org.apache.catalina.startup.HostConfig.deployDirectory Deployment of web application directory C:\Users\Boss\Desktop\lab2\src\apache-tomcat-8.0.52\webapps\docs has finished in 1,509 ms
21-Jun-2018 14:23:39.814 INFO [localhost-startStop-1] org.apache.catalina.startup.HostConfig.deployDirectory Deploying web application directory C:\Users\Boss\Desktop\lab2\src\apache-tomcat-8.0.52\webapps\examples
21-Jun-2018 14:23:40.582 INFO [localhost-startStop-1] org.apache.catalina.startup.HostConfig.deployDirectory Deployment of web application directory C:\Users\Boss\Desktop\lab2\src\apache-tomcat-8.0.52\webapps\examples has finished in 768 ms
21-Jun-2018 14:23:40.583 INFO [localhost-startStop-1] org.apache.catalina.startup.HostConfig.deployDirectory Deploying web application directory C:\Users\Boss\Desktop\lab2\src\apache-tomcat-8.0.52\webapps\host-manager
21-Jun-2018 14:23:40.699 INFO [localhost-startStop-1] org.apache.catalina.startup.HostConfig.deployDirectory Deployment of web application directory C:\Users\Boss\Desktop\lab2\src\apache-tomcat-8.0.52\webapps\host-manager has finished in 116 ms
21-Jun-2018 14:23:40.700 INFO [localhost-startStop-1] org.apache.catalina.startup.HostConfig.deployDirectory Deploying web application directory C:\Users\Boss\Desktop\lab2\src\apache-tomcat-8.0.52\webapps\manager
21-Jun-2018 14:23:40.761 INFO [localhost-startStop-1] org.apache.catalina.startup.HostConfig.deployDirectory Deployment of web application directory C:\Users\Boss\Desktop\lab2\src\apache-tomcat-8.0.52\webapps\manager has finished in 60 ms
21-Jun-2018 14:23:40.763 INFO [localhost-startStop-1] org.apache.catalina.startup.HostConfig.deployDirectory Deploying web application directory C:\Users\Boss\Desktop\lab2\src\apache-tomcat-8.0.52\webapps\ROOT
21-Jun-2018 14:23:40.806 INFO [localhost-startStop-1] org.apache.catalina.startup.HostConfig.deployDirectory Deployment of web application directory C:\Users\Boss\Desktop\lab2\src\apache-tomcat-8.0.52\webapps\ROOT has finished in 43 ms
21-Jun-2018 14:23:40.818 INFO [main] org.apache.coyote.AbstractProtocol.start Starting ProtocolHandler ["http-apr-8080"]
21-Jun-2018 14:23:40.864 INFO [main] org.apache.coyote.AbstractProtocol.start Starting ProtocolHandler ["ajp-apr-8009"]
21-Jun-2018 14:23:40.895 INFO [main] org.apache.catalina.startup.Catalina.start Server startup in 2700 ms
21-Jun-2018 14:24:28.297 INFO [main] org.apache.catalina.core.StandardServer.await A valid shutdown command was received via the shutdown port. Stopping the Server instance.
21-Jun-2018 14:24:28.301 INFO [main] org.apache.coyote.AbstractProtocol.pause Pausing ProtocolHandler ["http-apr-8080"]
21-Jun-2018 14:24:28.370 INFO [main] org.apache.coyote.AbstractProtocol.pause Pausing ProtocolHandler ["ajp-apr-8009"]
21-Jun-2018 14:24:28.420 INFO [main] org.apache.catalina.core.StandardService.stopInternal Stopping service Catalina
21-Jun-2018 14:24:28.540 INFO [main] org.apache.coyote.AbstractProtocol.stop Stopping ProtocolHandler ["http-apr-8080"]
21-Jun-2018 14:24:28.611 INFO [main] org.apache.coyote.AbstractProtocol.stop Stopping ProtocolHandler ["ajp-apr-8009"]
21-Jun-2018 14:24:28.661 INFO [main] org.apache.coyote.AbstractProtocol.destroy Destroying ProtocolHandler ["http-apr-8080"]
21-Jun-2018 14:24:28.671 INFO [main] org.apache.coyote.AbstractProtocol.destroy Destroying ProtocolHandler ["ajp-apr-8009"]
21-Jun-2018 15:38:52.856 INFO [main] org.apache.catalina.startup.VersionLoggerListener.log Server version:        Apache Tomcat/8.0.52
21-Jun-2018 15:38:52.866 INFO [main] org.apache.catalina.startup.VersionLoggerListener.log Server built:          Apr 28 2018 16:24:29 UTC
21-Jun-2018 15:38:52.866 INFO [main] org.apache.catalina.startup.VersionLoggerListener.log Server number:         8.0.52.0
21-Jun-2018 15:38:52.866 INFO [main] org.apache.catalina.startup.VersionLoggerListener.log OS Name:               Windows 7
21-Jun-2018 15:38:52.866 INFO [main] org.apache.catalina.startup.VersionLoggerListener.log OS Version:            6.1
21-Jun-2018 15:38:52.866 INFO [main] org.apache.catalina.startup.VersionLoggerListener.log Architecture:          amd64
21-Jun-2018 15:38:52.866 INFO [main] org.apache.catalina.startup.VersionLoggerListener.log Java Home:             C:\Program Files\Java\jdk1.8.0_172\jre
21-Jun-2018 15:38:52.866 INFO [main] org.apache.catalina.startup.VersionLoggerListener.log JVM Version:           1.8.0_172-b11
21-Jun-2018 15:38:52.866 INFO [main] org.apache.catalina.startup.VersionLoggerListener.log JVM Vendor:            Oracle Corporation
21-Jun-2018 15:38:52.866 INFO [main] org.apache.catalina.startup.VersionLoggerListener.log CATALINA_BASE:         C:\Users\Boss\Desktop\lab2\src\apache-tomcat-8.0.52
21-Jun-2018 15:38:52.866 INFO [main] org.apache.catalina.startup.VersionLoggerListener.log CATALINA_HOME:         C:\Users\Boss\Desktop\lab2\src\apache-tomcat-8.0.52
21-Jun-2018 15:38:52.866 INFO [main] org.apache.catalina.startup.VersionLoggerListener.log Command line argument: -Djava.util.logging.config.file=C:\Users\Boss\Desktop\lab2\src\apache-tomcat-8.0.52\conf\logging.properties
21-Jun-2018 15:38:52.876 INFO [main] org.apache.catalina.startup.VersionLoggerListener.log Command line argument: -Djava.util.logging.manager=org.apache.juli.ClassLoaderLogManager
21-Jun-2018 15:38:52.876 INFO [main] org.apache.catalina.startup.VersionLoggerListener.log Command line argument: -Djdk.tls.ephemeralDHKeySize=2048
21-Jun-2018 15:38:52.876 INFO [main] org.apache.catalina.startup.VersionLoggerListener.log Command line argument: -Djava.protocol.handler.pkgs=org.apache.catalina.webresources
21-Jun-2018 15:38:52.876 INFO [main] org.apache.catalina.startup.VersionLoggerListener.log Command line argument: -Dignore.endorsed.dirs=
21-Jun-2018 15:38:52.876 INFO [main] org.apache.catalina.startup.VersionLoggerListener.log Command line argument: -Dcatalina.base=C:\Users\Boss\Desktop\lab2\src\apache-tomcat-8.0.52
21-Jun-2018 15:38:52.876 INFO [main] org.apache.catalina.startup.VersionLoggerListener.log Command line argument: -Dcatalina.home=C:\Users\Boss\Desktop\lab2\src\apache-tomcat-8.0.52
21-Jun-2018 15:38:52.876 INFO [main] org.apache.catalina.startup.VersionLoggerListener.log Command line argument: -Djava.io.tmpdir=C:\Users\Boss\Desktop\lab2\src\apache-tomcat-8.0.52\temp
21-Jun-2018 15:38:52.886 INFO [main] org.apache.catalina.core.AprLifecycleListener.lifecycleEvent Loaded APR based Apache Tomcat Native library 1.2.16 using APR version 1.6.3.
21-Jun-2018 15:38:52.886 INFO [main] org.apache.catalina.core.AprLifecycleListener.lifecycleEvent APR capabilities: IPv6 [true], sendfile [true], accept filters [false], random [true].
21-Jun-2018 15:38:53.966 INFO [main] org.apache.catalina.core.AprLifecycleListener.initializeSSL OpenSSL successfully initialized (OpenSSL 1.0.2m  2 Nov 2017)
21-Jun-2018 15:38:54.296 INFO [main] org.apache.coyote.AbstractProtocol.init Initializing ProtocolHandler ["http-apr-8080"]
21-Jun-2018 15:38:54.326 INFO [main] org.apache.coyote.AbstractProtocol.init Initializing ProtocolHandler ["ajp-apr-8009"]
21-Jun-2018 15:38:54.326 INFO [main] org.apache.catalina.startup.Catalina.load Initialization processed in 2646 ms
21-Jun-2018 15:38:54.396 INFO [main] org.apache.catalina.core.StandardService.startInternal Starting service Catalina
21-Jun-2018 15:38:54.396 INFO [main] org.apache.catalina.core.StandardEngine.startInternal Starting Servlet Engine: Apache Tomcat/8.0.52
21-Jun-2018 15:38:54.426 INFO [localhost-startStop-1] org.apache.catalina.startup.HostConfig.deployDirectory Deploying web application directory C:\Users\Boss\Desktop\lab2\src\apache-tomcat-8.0.52\webapps\docs
21-Jun-2018 15:38:55.720 WARNING [localhost-startStop-1] org.apache.catalina.util.SessionIdGeneratorBase.createSecureRandom Creation of SecureRandom instance for session ID generation using [SHA1PRNG] took [550] milliseconds.
21-Jun-2018 15:38:55.760 INFO [localhost-startStop-1] org.apache.catalina.startup.HostConfig.deployDirectory Deployment of web application directory C:\Users\Boss\Desktop\lab2\src\apache-tomcat-8.0.52\webapps\docs has finished in 1,334 ms
21-Jun-2018 15:38:55.760 INFO [localhost-startStop-1] org.apache.catalina.startup.HostConfig.deployDirectory Deploying web application directory C:\Users\Boss\Desktop\lab2\src\apache-tomcat-8.0.52\webapps\examples
21-Jun-2018 15:38:58.940 INFO [localhost-startStop-1] org.apache.catalina.startup.HostConfig.deployDirectory Deployment of web application directory C:\Users\Boss\Desktop\lab2\src\apache-tomcat-8.0.52\webapps\examples has finished in 3,180 ms
21-Jun-2018 15:38:58.950 INFO [localhost-startStop-1] org.apache.catalina.startup.HostConfig.deployDirectory Deploying web application directory C:\Users\Boss\Desktop\lab2\src\apache-tomcat-8.0.52\webapps\host-manager
21-Jun-2018 15:38:59.130 INFO [localhost-startStop-1] org.apache.catalina.startup.HostConfig.deployDirectory Deployment of web application directory C:\Users\Boss\Desktop\lab2\src\apache-tomcat-8.0.52\webapps\host-manager has finished in 180 ms
21-Jun-2018 15:38:59.130 INFO [localhost-startStop-1] org.apache.catalina.startup.HostConfig.deployDirectory Deploying web application directory C:\Users\Boss\Desktop\lab2\src\apache-tomcat-8.0.52\webapps\manager
21-Jun-2018 15:38:59.270 INFO [localhost-startStop-1] org.apache.catalina.startup.HostConfig.deployDirectory Deployment of web application directory C:\Users\Boss\Desktop\lab2\src\apache-tomcat-8.0.52\webapps\manager has finished in 140 ms
21-Jun-2018 15:38:59.272 INFO [localhost-startStop-1] org.apache.catalina.startup.HostConfig.deployDirectory Deploying web application directory C:\Users\Boss\Desktop\lab2\src\apache-tomcat-8.0.52\webapps\ROOT
21-Jun-2018 15:38:59.347 INFO [localhost-startStop-1] org.apache.catalina.startup.HostConfig.deployDirectory Deployment of web application directory C:\Users\Boss\Desktop\lab2\src\apache-tomcat-8.0.52\webapps\ROOT has finished in 75 ms
21-Jun-2018 15:38:59.367 INFO [main] org.apache.coyote.AbstractProtocol.start Starting ProtocolHandler ["http-apr-8080"]
21-Jun-2018 15:38:59.477 INFO [main] org.apache.coyote.AbstractProtocol.start Starting ProtocolHandler ["ajp-apr-8009"]
21-Jun-2018 15:38:59.567 INFO [main] org.apache.catalina.startup.Catalina.start Server startup in 5235 ms
21-Jun-2018 15:49:39.169 INFO [main] org.apache.catalina.core.StandardServer.await A valid shutdown command was received via the shutdown port. Stopping the Server instance.
21-Jun-2018 15:49:39.179 INFO [main] org.apache.coyote.AbstractProtocol.pause Pausing ProtocolHandler ["http-apr-8080"]
21-Jun-2018 15:49:39.239 INFO [main] org.apache.coyote.AbstractProtocol.pause Pausing ProtocolHandler ["ajp-apr-8009"]
21-Jun-2018 15:49:39.289 INFO [main] org.apache.catalina.core.StandardService.stopInternal Stopping service Catalina
21-Jun-2018 15:49:39.471 INFO [main] org.apache.coyote.AbstractProtocol.stop Stopping ProtocolHandler ["http-apr-8080"]
21-Jun-2018 15:49:39.521 INFO [main] org.apache.coyote.AbstractProtocol.stop Stopping ProtocolHandler ["ajp-apr-8009"]
21-Jun-2018 15:49:39.581 INFO [main] org.apache.coyote.AbstractProtocol.destroy Destroying ProtocolHandler ["http-apr-8080"]
21-Jun-2018 15:49:39.581 INFO [main] org.apache.coyote.AbstractProtocol.destroy Destroying ProtocolHandler ["ajp-apr-8009"]
21-Jun-2018 15:51:47.232 INFO [main] org.apache.catalina.startup.VersionLoggerListener.log Server version:        Apache Tomcat/8.0.52
21-Jun-2018 15:51:47.239 INFO [main] org.apache.catalina.startup.VersionLoggerListener.log Server built:          Apr 28 2018 16:24:29 UTC
21-Jun-2018 15:51:47.244 INFO [main] org.apache.catalina.startup.VersionLoggerListener.log Server number:         8.0.52.0
21-Jun-2018 15:51:47.244 INFO [main] org.apache.catalina.startup.VersionLoggerListener.log OS Name:               Windows 7
21-Jun-2018 15:51:47.244 INFO [main] org.apache.catalina.startup.VersionLoggerListener.log OS Version:            6.1
21-Jun-2018 15:51:47.247 INFO [main] org.apache.catalina.startup.VersionLoggerListener.log Architecture:          amd64
21-Jun-2018 15:51:47.247 INFO [main] org.apache.catalina.startup.VersionLoggerListener.log Java Home:             C:\Program Files\Java\jdk1.8.0_172\jre
21-Jun-2018 15:51:47.247 INFO [main] org.apache.catalina.startup.VersionLoggerListener.log JVM Version:           1.8.0_172-b11
21-Jun-2018 15:51:47.249 INFO [main] org.apache.catalina.startup.VersionLoggerListener.log JVM Vendor:            Oracle Corporation
21-Jun-2018 15:51:47.249 INFO [main] org.apache.catalina.startup.VersionLoggerListener.log CATALINA_BASE:         C:\Users\Boss\Desktop\lab2\src\apache-tomcat-8.0.52
21-Jun-2018 15:51:47.249 INFO [main] org.apache.catalina.startup.VersionLoggerListener.log CATALINA_HOME:         C:\Users\Boss\Desktop\lab2\src\apache-tomcat-8.0.52
21-Jun-2018 15:51:47.252 INFO [main] org.apache.catalina.startup.VersionLoggerListener.log Command line argument: -Djava.util.logging.config.file=C:\Users\Boss\Desktop\lab2\src\apache-tomcat-8.0.52\conf\logging.properties
21-Jun-2018 15:51:47.252 INFO [main] org.apache.catalina.startup.VersionLoggerListener.log Command line argument: -Djava.util.logging.manager=org.apache.juli.ClassLoaderLogManager
21-Jun-2018 15:51:47.254 INFO [main] org.apache.catalina.startup.VersionLoggerListener.log Command line argument: -Djdk.tls.ephemeralDHKeySize=2048
21-Jun-2018 15:51:47.257 INFO [main] org.apache.catalina.startup.VersionLoggerListener.log Command line argument: -Djava.protocol.handler.pkgs=org.apache.catalina.webresources
21-Jun-2018 15:51:47.257 INFO [main] org.apache.catalina.startup.VersionLoggerListener.log Command line argument: -Dignore.endorsed.dirs=
21-Jun-2018 15:51:47.259 INFO [main] org.apache.catalina.startup.VersionLoggerListener.log Command line argument: -Dcatalina.base=C:\Users\Boss\Desktop\lab2\src\apache-tomcat-8.0.52
21-Jun-2018 15:51:47.262 INFO [main] org.apache.catalina.startup.VersionLoggerListener.log Command line argument: -Dcatalina.home=C:\Users\Boss\Desktop\lab2\src\apache-tomcat-8.0.52
21-Jun-2018 15:51:47.264 INFO [main] org.apache.catalina.startup.VersionLoggerListener.log Command line argument: -Djava.io.tmpdir=C:\Users\Boss\Desktop\lab2\src\apache-tomcat-8.0.52\temp
21-Jun-2018 15:51:47.267 INFO [main] org.apache.catalina.core.AprLifecycleListener.lifecycleEvent Loaded APR based Apache Tomcat Native library 1.2.16 using APR version 1.6.3.
21-Jun-2018 15:51:47.269 INFO [main] org.apache.catalina.core.AprLifecycleListener.lifecycleEvent APR capabilities: IPv6 [true], sendfile [true], accept filters [false], random [true].
21-Jun-2018 15:51:48.392 INFO [main] org.apache.catalina.core.AprLifecycleListener.initializeSSL OpenSSL successfully initialized (OpenSSL 1.0.2m  2 Nov 2017)
21-Jun-2018 15:51:48.839 INFO [main] org.apache.coyote.AbstractProtocol.init Initializing ProtocolHandler ["http-apr-8080"]
21-Jun-2018 15:51:48.884 INFO [main] org.apache.coyote.AbstractProtocol.init Initializing ProtocolHandler ["ajp-apr-8009"]
21-Jun-2018 15:51:48.891 INFO [main] org.apache.catalina.startup.Catalina.load Initialization processed in 3049 ms
21-Jun-2018 15:51:48.971 INFO [main] org.apache.catalina.core.StandardService.startInternal Starting service Catalina
21-Jun-2018 15:51:48.971 INFO [main] org.apache.catalina.core.StandardEngine.startInternal Starting Servlet Engine: Apache Tomcat/8.0.52
21-Jun-2018 15:51:49.001 INFO [localhost-startStop-1] org.apache.catalina.startup.HostConfig.deployDirectory Deploying web application directory C:\Users\Boss\Desktop\lab2\src\apache-tomcat-8.0.52\webapps\docs
21-Jun-2018 15:51:50.660 WARNING [localhost-startStop-1] org.apache.catalina.util.SessionIdGeneratorBase.createSecureRandom Creation of SecureRandom instance for session ID generation using [SHA1PRNG] took [788] milliseconds.
21-Jun-2018 15:51:50.710 INFO [localhost-startStop-1] org.apache.catalina.startup.HostConfig.deployDirectory Deployment of web application directory C:\Users\Boss\Desktop\lab2\src\apache-tomcat-8.0.52\webapps\docs has finished in 1,707 ms
21-Jun-2018 15:51:50.710 INFO [localhost-startStop-1] org.apache.catalina.startup.HostConfig.deployDirectory Deploying web application directory C:\Users\Boss\Desktop\lab2\src\apache-tomcat-8.0.52\webapps\examples
21-Jun-2018 15:51:51.807 INFO [localhost-startStop-1] org.apache.catalina.startup.HostConfig.deployDirectory Deployment of web application directory C:\Users\Boss\Desktop\lab2\src\apache-tomcat-8.0.52\webapps\examples has finished in 1,097 ms
21-Jun-2018 15:51:51.810 INFO [localhost-startStop-1] org.apache.catalina.startup.HostConfig.deployDirectory Deploying web application directory C:\Users\Boss\Desktop\lab2\src\apache-tomcat-8.0.52\webapps\host-manager
21-Jun-2018 15:51:52.032 INFO [localhost-startStop-1] org.apache.catalina.startup.HostConfig.deployDirectory Deployment of web application directory C:\Users\Boss\Desktop\lab2\src\apache-tomcat-8.0.52\webapps\host-manager has finished in 219 ms
21-Jun-2018 15:51:52.032 INFO [localhost-startStop-1] org.apache.catalina.startup.HostConfig.deployDirectory Deploying web application directory C:\Users\Boss\Desktop\lab2\src\apache-tomcat-8.0.52\webapps\manager
21-Jun-2018 15:51:52.141 INFO [localhost-startStop-1] org.apache.catalina.startup.HostConfig.deployDirectory Deployment of web application directory C:\Users\Boss\Desktop\lab2\src\apache-tomcat-8.0.52\webapps\manager has finished in 109 ms
21-Jun-2018 15:51:52.144 INFO [localhost-startStop-1] org.apache.catalina.startup.HostConfig.deployDirectory Deploying web application directory C:\Users\Boss\Desktop\lab2\src\apache-tomcat-8.0.52\webapps\ROOT
21-Jun-2018 15:51:52.423 INFO [localhost-startStop-1] org.apache.catalina.startup.HostConfig.deployDirectory Deployment of web application directory C:\Users\Boss\Desktop\lab2\src\apache-tomcat-8.0.52\webapps\ROOT has finished in 279 ms
21-Jun-2018 15:51:52.438 INFO [main] org.apache.coyote.AbstractProtocol.start Starting ProtocolHandler ["http-apr-8080"]
21-Jun-2018 15:51:52.491 INFO [main] org.apache.coyote.AbstractProtocol.start Starting ProtocolHandler ["ajp-apr-8009"]
21-Jun-2018 15:51:52.573 INFO [main] org.apache.catalina.startup.Catalina.start Server startup in 3681 ms
21-Jun-2018 15:53:02.563 INFO [localhost-startStop-2] org.apache.catalina.startup.HostConfig.deployWAR Deploying web application archive C:\Users\Boss\Desktop\lab2\src\apache-tomcat-8.0.52\webapps\m2s_isr_lab2-1.0-SNAPSHOT.war
21-Jun-2018 15:53:05.503 INFO [localhost-startStop-2] org.apache.jasper.servlet.TldScanner.scanJars At least one JAR was scanned for TLDs yet contained no TLDs. Enable debug logging for this logger for a complete list of JARs that were scanned but no TLDs were found in them. Skipping unneeded JARs during scanning can improve startup time and JSP compilation time.
21-Jun-2018 15:53:05.524 INFO [localhost-startStop-2] org.apache.catalina.startup.HostConfig.deployWAR Deployment of web application archive C:\Users\Boss\Desktop\lab2\src\apache-tomcat-8.0.52\webapps\m2s_isr_lab2-1.0-SNAPSHOT.war has finished in 2,961 ms
21-Jun-2018 15:53:13.344 INFO [Thread-3] org.apache.coyote.AbstractProtocol.pause Pausing ProtocolHandler ["http-apr-8080"]
21-Jun-2018 15:54:01.000 INFO [main] org.apache.catalina.startup.VersionLoggerListener.log Server version:        Apache Tomcat/8.0.52
21-Jun-2018 15:54:01.000 INFO [main] org.apache.catalina.startup.VersionLoggerListener.log Server built:          Apr 28 2018 16:24:29 UTC
21-Jun-2018 15:54:01.000 INFO [main] org.apache.catalina.startup.VersionLoggerListener.log Server number:         8.0.52.0
21-Jun-2018 15:54:01.010 INFO [main] org.apache.catalina.startup.VersionLoggerListener.log OS Name:               Windows 7
21-Jun-2018 15:54:01.010 INFO [main] org.apache.catalina.startup.VersionLoggerListener.log OS Version:            6.1
21-Jun-2018 15:54:01.010 INFO [main] org.apache.catalina.startup.VersionLoggerListener.log Architecture:          amd64
21-Jun-2018 15:54:01.010 INFO [main] org.apache.catalina.startup.VersionLoggerListener.log Java Home:             C:\Program Files\Java\jdk1.8.0_172\jre
21-Jun-2018 15:54:01.010 INFO [main] org.apache.catalina.startup.VersionLoggerListener.log JVM Version:           1.8.0_172-b11
21-Jun-2018 15:54:01.010 INFO [main] org.apache.catalina.startup.VersionLoggerListener.log JVM Vendor:            Oracle Corporation
21-Jun-2018 15:54:01.010 INFO [main] org.apache.catalina.startup.VersionLoggerListener.log CATALINA_BASE:         C:\Users\Boss\Desktop\lab2\src\apache-tomcat-8.0.52
21-Jun-2018 15:54:01.010 INFO [main] org.apache.catalina.startup.VersionLoggerListener.log CATALINA_HOME:         C:\Users\Boss\Desktop\lab2\src\apache-tomcat-8.0.52
21-Jun-2018 15:54:01.010 INFO [main] org.apache.catalina.startup.VersionLoggerListener.log Command line argument: -Djava.util.logging.config.file=C:\Users\Boss\Desktop\lab2\src\apache-tomcat-8.0.52\conf\logging.properties
21-Jun-2018 15:54:01.010 INFO [main] org.apache.catalina.startup.VersionLoggerListener.log Command line argument: -Djava.util.logging.manager=org.apache.juli.ClassLoaderLogManager
21-Jun-2018 15:54:01.020 INFO [main] org.apache.catalina.startup.VersionLoggerListener.log Command line argument: -Djdk.tls.ephemeralDHKeySize=2048
21-Jun-2018 15:54:01.020 INFO [main] org.apache.catalina.startup.VersionLoggerListener.log Command line argument: -Djava.protocol.handler.pkgs=org.apache.catalina.webresources
21-Jun-2018 15:54:01.020 INFO [main] org.apache.catalina.startup.VersionLoggerListener.log Command line argument: -Dignore.endorsed.dirs=
21-Jun-2018 15:54:01.020 INFO [main] org.apache.catalina.startup.VersionLoggerListener.log Command line argument: -Dcatalina.base=C:\Users\Boss\Desktop\lab2\src\apache-tomcat-8.0.52
21-Jun-2018 15:54:01.020 INFO [main] org.apache.catalina.startup.VersionLoggerListener.log Command line argument: -Dcatalina.home=C:\Users\Boss\Desktop\lab2\src\apache-tomcat-8.0.52
21-Jun-2018 15:54:01.030 INFO [main] org.apache.catalina.startup.VersionLoggerListener.log Command line argument: -Djava.io.tmpdir=C:\Users\Boss\Desktop\lab2\src\apache-tomcat-8.0.52\temp
21-Jun-2018 15:54:01.030 INFO [main] org.apache.catalina.core.AprLifecycleListener.lifecycleEvent Loaded APR based Apache Tomcat Native library 1.2.16 using APR version 1.6.3.
21-Jun-2018 15:54:01.030 INFO [main] org.apache.catalina.core.AprLifecycleListener.lifecycleEvent APR capabilities: IPv6 [true], sendfile [true], accept filters [false], random [true].
21-Jun-2018 15:54:02.138 INFO [main] org.apache.catalina.core.AprLifecycleListener.initializeSSL OpenSSL successfully initialized (OpenSSL 1.0.2m  2 Nov 2017)
21-Jun-2018 15:54:02.518 INFO [main] org.apache.coyote.AbstractProtocol.init Initializing ProtocolHandler ["http-apr-8080"]
21-Jun-2018 15:54:02.558 INFO [main] org.apache.coyote.AbstractProtocol.init Initializing ProtocolHandler ["ajp-apr-8009"]
21-Jun-2018 15:54:02.568 INFO [main] org.apache.catalina.startup.Catalina.load Initialization processed in 2873 ms
21-Jun-2018 15:54:02.635 INFO [main] org.apache.catalina.core.StandardService.startInternal Starting service Catalina
21-Jun-2018 15:54:02.636 INFO [main] org.apache.catalina.core.StandardEngine.startInternal Starting Servlet Engine: Apache Tomcat/8.0.52
21-Jun-2018 15:54:02.700 INFO [localhost-startStop-1] org.apache.catalina.startup.HostConfig.deployWAR Deploying web application archive C:\Users\Boss\Desktop\lab2\src\apache-tomcat-8.0.52\webapps\m2s_isr_lab2-1.0-SNAPSHOT.war
21-Jun-2018 15:54:04.808 INFO [localhost-startStop-1] org.apache.jasper.servlet.TldScanner.scanJars At least one JAR was scanned for TLDs yet contained no TLDs. Enable debug logging for this logger for a complete list of JARs that were scanned but no TLDs were found in them. Skipping unneeded JARs during scanning can improve startup time and JSP compilation time.
21-Jun-2018 15:54:05.433 WARNING [localhost-startStop-1] org.apache.catalina.util.SessionIdGeneratorBase.createSecureRandom Creation of SecureRandom instance for session ID generation using [SHA1PRNG] took [575] milliseconds.
21-Jun-2018 15:54:05.463 INFO [localhost-startStop-1] org.apache.catalina.startup.HostConfig.deployWAR Deployment of web application archive C:\Users\Boss\Desktop\lab2\src\apache-tomcat-8.0.52\webapps\m2s_isr_lab2-1.0-SNAPSHOT.war has finished in 2,763 ms
21-Jun-2018 15:54:05.473 INFO [main] org.apache.coyote.AbstractProtocol.start Starting ProtocolHandler ["http-apr-8080"]
21-Jun-2018 15:54:05.583 INFO [main] org.apache.coyote.AbstractProtocol.start Starting ProtocolHandler ["ajp-apr-8009"]
21-Jun-2018 15:54:05.663 INFO [main] org.apache.catalina.startup.Catalina.start Server startup in 3095 ms
21-Jun-2018 15:55:15.517 INFO [localhost-startStop-2] org.apache.catalina.startup.HostConfig.deployDirectory Deploying web application directory C:\Users\Boss\Desktop\lab2\src\apache-tomcat-8.0.52\webapps\docs
21-Jun-2018 15:55:15.667 INFO [localhost-startStop-2] org.apache.catalina.startup.HostConfig.deployDirectory Deployment of web application directory C:\Users\Boss\Desktop\lab2\src\apache-tomcat-8.0.52\webapps\docs has finished in 150 ms
21-Jun-2018 15:55:25.674 INFO [localhost-startStop-3] org.apache.catalina.startup.HostConfig.deployDirectory Deploying web application directory C:\Users\Boss\Desktop\lab2\src\apache-tomcat-8.0.52\webapps\examples
21-Jun-2018 15:55:26.889 INFO [localhost-startStop-3] org.apache.catalina.startup.HostConfig.deployDirectory Deployment of web application directory C:\Users\Boss\Desktop\lab2\src\apache-tomcat-8.0.52\webapps\examples has finished in 1,215 ms
21-Jun-2018 15:55:26.891 INFO [localhost-startStop-3] org.apache.catalina.startup.HostConfig.deployDirectory Deploying web application directory C:\Users\Boss\Desktop\lab2\src\apache-tomcat-8.0.52\webapps\host-manager
21-Jun-2018 15:55:26.974 INFO [localhost-startStop-3] org.apache.catalina.startup.HostConfig.deployDirectory Deployment of web application directory C:\Users\Boss\Desktop\lab2\src\apache-tomcat-8.0.52\webapps\host-manager has finished in 83 ms
21-Jun-2018 15:55:26.974 INFO [localhost-startStop-3] org.apache.catalina.startup.HostConfig.deployDirectory Deploying web application directory C:\Users\Boss\Desktop\lab2\src\apache-tomcat-8.0.52\webapps\manager
21-Jun-2018 15:55:27.046 INFO [localhost-startStop-3] org.apache.catalina.startup.HostConfig.deployDirectory Deployment of web application directory C:\Users\Boss\Desktop\lab2\src\apache-tomcat-8.0.52\webapps\manager has finished in 72 ms
21-Jun-2018 15:55:27.049 INFO [localhost-startStop-3] org.apache.catalina.startup.HostConfig.deployDirectory Deploying web application directory C:\Users\Boss\Desktop\lab2\src\apache-tomcat-8.0.52\webapps\ROOT
21-Jun-2018 15:55:27.109 INFO [localhost-startStop-3] org.apache.catalina.startup.HostConfig.deployDirectory Deployment of web application directory C:\Users\Boss\Desktop\lab2\src\apache-tomcat-8.0.52\webapps\ROOT has finished in 60 ms
21-Jun-2018 15:56:06.128 INFO [main] org.apache.catalina.startup.VersionLoggerListener.log Server version:        Apache Tomcat/8.0.52
21-Jun-2018 15:56:06.138 INFO [main] org.apache.catalina.startup.VersionLoggerListener.log Server built:          Apr 28 2018 16:24:29 UTC
21-Jun-2018 15:56:06.138 INFO [main] org.apache.catalina.startup.VersionLoggerListener.log Server number:         8.0.52.0
21-Jun-2018 15:56:06.138 INFO [main] org.apache.catalina.startup.VersionLoggerListener.log OS Name:               Windows 7
21-Jun-2018 15:56:06.141 INFO [main] org.apache.catalina.startup.VersionLoggerListener.log OS Version:            6.1
21-Jun-2018 15:56:06.141 INFO [main] org.apache.catalina.startup.VersionLoggerListener.log Architecture:          amd64
21-Jun-2018 15:56:06.141 INFO [main] org.apache.catalina.startup.VersionLoggerListener.log Java Home:             C:\Program Files\Java\jdk1.8.0_172\jre
21-Jun-2018 15:56:06.141 INFO [main] org.apache.catalina.startup.VersionLoggerListener.log JVM Version:           1.8.0_172-b11
21-Jun-2018 15:56:06.143 INFO [main] org.apache.catalina.startup.VersionLoggerListener.log JVM Vendor:            Oracle Corporation
21-Jun-2018 15:56:06.143 INFO [main] org.apache.catalina.startup.VersionLoggerListener.log CATALINA_BASE:         C:\Users\Boss\Desktop\lab2\src\apache-tomcat-8.0.52
21-Jun-2018 15:56:06.143 INFO [main] org.apache.catalina.startup.VersionLoggerListener.log CATALINA_HOME:         C:\Users\Boss\Desktop\lab2\src\apache-tomcat-8.0.52
21-Jun-2018 15:56:06.146 INFO [main] org.apache.catalina.startup.VersionLoggerListener.log Command line argument: -Djava.util.logging.config.file=C:\Users\Boss\Desktop\lab2\src\apache-tomcat-8.0.52\conf\logging.properties
21-Jun-2018 15:56:06.146 INFO [main] org.apache.catalina.startup.VersionLoggerListener.log Command line argument: -Djava.util.logging.manager=org.apache.juli.ClassLoaderLogManager
21-Jun-2018 15:56:06.148 INFO [main] org.apache.catalina.startup.VersionLoggerListener.log Command line argument: -Djdk.tls.ephemeralDHKeySize=2048
21-Jun-2018 15:56:06.151 INFO [main] org.apache.catalina.startup.VersionLoggerListener.log Command line argument: -Djava.protocol.handler.pkgs=org.apache.catalina.webresources
21-Jun-2018 15:56:06.151 INFO [main] org.apache.catalina.startup.VersionLoggerListener.log Command line argument: -Dignore.endorsed.dirs=
21-Jun-2018 15:56:06.153 INFO [main] org.apache.catalina.startup.VersionLoggerListener.log Command line argument: -Dcatalina.base=C:\Users\Boss\Desktop\lab2\src\apache-tomcat-8.0.52
21-Jun-2018 15:56:06.156 INFO [main] org.apache.catalina.startup.VersionLoggerListener.log Command line argument: -Dcatalina.home=C:\Users\Boss\Desktop\lab2\src\apache-tomcat-8.0.52
21-Jun-2018 15:56:06.156 INFO [main] org.apache.catalina.startup.VersionLoggerListener.log Command line argument: -Djava.io.tmpdir=C:\Users\Boss\Desktop\lab2\src\apache-tomcat-8.0.52\temp
21-Jun-2018 15:56:06.161 INFO [main] org.apache.catalina.core.AprLifecycleListener.lifecycleEvent Loaded APR based Apache Tomcat Native library 1.2.16 using APR version 1.6.3.
21-Jun-2018 15:56:06.163 INFO [main] org.apache.catalina.core.AprLifecycleListener.lifecycleEvent APR capabilities: IPv6 [true], sendfile [true], accept filters [false], random [true].
21-Jun-2018 15:56:07.303 INFO [main] org.apache.catalina.core.AprLifecycleListener.initializeSSL OpenSSL successfully initialized (OpenSSL 1.0.2m  2 Nov 2017)
21-Jun-2018 15:56:07.820 INFO [main] org.apache.coyote.AbstractProtocol.init Initializing ProtocolHandler ["http-apr-8080"]
21-Jun-2018 15:56:07.857 INFO [main] org.apache.coyote.AbstractProtocol.init Initializing ProtocolHandler ["ajp-apr-8009"]
21-Jun-2018 15:56:07.865 INFO [main] org.apache.catalina.startup.Catalina.load Initialization processed in 3035 ms
21-Jun-2018 15:56:07.952 INFO [main] org.apache.catalina.core.StandardService.startInternal Starting service Catalina
21-Jun-2018 15:56:07.952 INFO [main] org.apache.catalina.core.StandardEngine.startInternal Starting Servlet Engine: Apache Tomcat/8.0.52
21-Jun-2018 15:56:08.034 INFO [localhost-startStop-1] org.apache.catalina.startup.HostConfig.deployWAR Deploying web application archive C:\Users\Boss\Desktop\lab2\src\apache-tomcat-8.0.52\webapps\m2s_isr_lab2-1.0-SNAPSHOT.war
21-Jun-2018 15:56:11.548 INFO [localhost-startStop-1] org.apache.jasper.servlet.TldScanner.scanJars At least one JAR was scanned for TLDs yet contained no TLDs. Enable debug logging for this logger for a complete list of JARs that were scanned but no TLDs were found in them. Skipping unneeded JARs during scanning can improve startup time and JSP compilation time.
21-Jun-2018 15:56:12.578 WARNING [localhost-startStop-1] org.apache.catalina.util.SessionIdGeneratorBase.createSecureRandom Creation of SecureRandom instance for session ID generation using [SHA1PRNG] took [945] milliseconds.
21-Jun-2018 15:56:12.638 INFO [localhost-startStop-1] org.apache.catalina.startup.HostConfig.deployWAR Deployment of web application archive C:\Users\Boss\Desktop\lab2\src\apache-tomcat-8.0.52\webapps\m2s_isr_lab2-1.0-SNAPSHOT.war has finished in 4,606 ms
21-Jun-2018 15:56:12.643 INFO [localhost-startStop-1] org.apache.catalina.startup.HostConfig.deployDirectory Deploying web application directory C:\Users\Boss\Desktop\lab2\src\apache-tomcat-8.0.52\webapps\docs
21-Jun-2018 15:56:12.718 INFO [localhost-startStop-1] org.apache.catalina.startup.HostConfig.deployDirectory Deployment of web application directory C:\Users\Boss\Desktop\lab2\src\apache-tomcat-8.0.52\webapps\docs has finished in 75 ms
21-Jun-2018 15:56:12.718 INFO [localhost-startStop-1] org.apache.catalina.startup.HostConfig.deployDirectory Deploying web application directory C:\Users\Boss\Desktop\lab2\src\apache-tomcat-8.0.52\webapps\examples
21-Jun-2018 15:56:13.744 INFO [localhost-startStop-1] org.apache.catalina.startup.HostConfig.deployDirectory Deployment of web application directory C:\Users\Boss\Desktop\lab2\src\apache-tomcat-8.0.52\webapps\examples has finished in 1,026 ms
21-Jun-2018 15:56:13.744 INFO [localhost-startStop-1] org.apache.catalina.startup.HostConfig.deployDirectory Deploying web application directory C:\Users\Boss\Desktop\lab2\src\apache-tomcat-8.0.52\webapps\host-manager
21-Jun-2018 15:56:13.854 INFO [localhost-startStop-1] org.apache.catalina.startup.HostConfig.deployDirectory Deployment of web application directory C:\Users\Boss\Desktop\lab2\src\apache-tomcat-8.0.52\webapps\host-manager has finished in 107 ms
21-Jun-2018 15:56:13.854 INFO [localhost-startStop-1] org.apache.catalina.startup.HostConfig.deployDirectory Deploying web application directory C:\Users\Boss\Desktop\lab2\src\apache-tomcat-8.0.52\webapps\manager
21-Jun-2018 15:56:13.963 INFO [localhost-startStop-1] org.apache.catalina.startup.HostConfig.deployDirectory Deployment of web application directory C:\Users\Boss\Desktop\lab2\src\apache-tomcat-8.0.52\webapps\manager has finished in 108 ms
21-Jun-2018 15:56:13.973 INFO [localhost-startStop-1] org.apache.catalina.startup.HostConfig.deployDirectory Deploying web application directory C:\Users\Boss\Desktop\lab2\src\apache-tomcat-8.0.52\webapps\ROOT
21-Jun-2018 15:56:14.033 INFO [localhost-startStop-1] org.apache.catalina.startup.HostConfig.deployDirectory Deployment of web application directory C:\Users\Boss\Desktop\lab2\src\apache-tomcat-8.0.52\webapps\ROOT has finished in 60 ms
21-Jun-2018 15:56:14.048 INFO [main] org.apache.coyote.AbstractProtocol.start Starting ProtocolHandler ["http-apr-8080"]
21-Jun-2018 15:56:14.113 INFO [main] org.apache.coyote.AbstractProtocol.start Starting ProtocolHandler ["ajp-apr-8009"]
21-Jun-2018 15:56:14.143 INFO [main] org.apache.catalina.startup.Catalina.start Server startup in 6274 ms
